{"contracts/ISafe.sol":{"l":{"78":3},"path":"/Users/gregjeanmart/workspace/safe-global/safe-scroll-keystore/contracts/ISafe.sol","s":{"1":3},"b":{"1":[3,0]},"f":{"1":3},"fnMap":{"1":{"name":"supportsInterface","line":77,"loc":{"start":{"line":77,"column":4},"end":{"line":81,"column":4}}}},"statementMap":{"1":{"start":{"line":78,"column":8},"end":{"line":78,"column":2069}}},"branchMap":{"1":{"line":79,"type":"cond-expr","locations":[{"start":{"line":79,"column":12},"end":{"line":79,"column":49}},{"start":{"line":80,"column":12},"end":{"line":80,"column":51}}]}}},"contracts/SafeDisableLocalKeystoreGuard.sol":{"l":{"20":1,"36":1},"path":"/Users/gregjeanmart/workspace/safe-global/safe-scroll-keystore/contracts/SafeDisableLocalKeystoreGuard.sol","s":{"1":1},"b":{"1":[0,1]},"f":{"1":0,"2":1,"3":1,"4":0},"fnMap":{"1":{"name":null,"line":14,"loc":{"start":{"line":14,"column":4},"end":{"line":17,"column":4}}},"2":{"name":"constructor","line":19,"loc":{"start":{"line":19,"column":4},"end":{"line":21,"column":4}}},"3":{"name":"checkTransaction","line":23,"loc":{"start":{"line":23,"column":4},"end":{"line":40,"column":4}}},"4":{"name":"checkAfterExecution","line":42,"loc":{"start":{"line":42,"column":4},"end":{"line":42,"column":72}}}},"statementMap":{"1":{"start":{"line":36,"column":8},"end":{"line":36,"column":976}}},"branchMap":{"1":{"line":36,"type":"if","locations":[{"start":{"line":36,"column":8},"end":{"line":36,"column":8}},{"start":{"line":36,"column":8},"end":{"line":36,"column":8}}]}}},"contracts/SafeRemoteKeystoreModule.sol":{"l":{"37":1,"45":3,"64":4,"76":3,"80":3,"84":3,"85":3,"113":2,"114":2,"117":2,"118":2,"119":2,"122":2,"125":2,"128":2,"138":2,"151":2,"155":2,"172":6,"173":6,"177":6,"180":6,"181":2,"185":4,"186":4,"187":2,"191":4,"194":4,"211":2,"212":0,"214":2,"215":2,"216":2,"217":2,"218":2,"219":2,"220":4,"221":4,"233":4,"234":4,"235":8,"237":4,"252":4},"path":"/Users/gregjeanmart/workspace/safe-global/safe-scroll-keystore/contracts/SafeRemoteKeystoreModule.sol","s":{"1":1,"2":3,"3":4,"4":3,"5":3,"6":3,"7":2,"8":2,"9":2,"10":2,"11":2,"12":2,"13":2,"14":2,"15":2,"16":6,"17":6,"18":6,"19":6,"20":2,"21":4,"22":4,"23":4,"24":2,"25":2,"26":2,"27":2,"28":2,"29":2,"30":2,"31":4,"32":4,"33":8,"34":4},"b":{"1":[0,3],"2":[3,0],"3":[0,3],"4":[0,2],"5":[0,2],"6":[2,4],"7":[0,2],"8":[4,4],"9":[0,4]},"f":{"1":1,"2":3,"3":4,"4":3,"5":2,"6":2,"7":6,"8":2,"9":4},"fnMap":{"1":{"name":"getKeystore","line":36,"loc":{"start":{"line":36,"column":4},"end":{"line":38,"column":4}}},"2":{"name":"getNonce","line":44,"loc":{"start":{"line":44,"column":4},"end":{"line":46,"column":4}}},"3":{"name":"getTxHash","line":57,"loc":{"start":{"line":57,"column":4},"end":{"line":68,"column":4}}},"4":{"name":"registerKeystore","line":75,"loc":{"start":{"line":75,"column":4},"end":{"line":94,"column":4}}},"5":{"name":"executeTransaction","line":105,"loc":{"start":{"line":105,"column":4},"end":{"line":139,"column":4}}},"6":{"name":"getThreshold_sload","line":148,"loc":{"start":{"line":148,"column":4},"end":{"line":156,"column":4}}},"7":{"name":"getOwners_sload","line":167,"loc":{"start":{"line":167,"column":4},"end":{"line":195,"column":4}}},"8":{"name":"checkSignatures","line":204,"loc":{"start":{"line":204,"column":4},"end":{"line":239,"column":4}}},"9":{"name":"signatureSplit","line":246,"loc":{"start":{"line":246,"column":4},"end":{"line":259,"column":4}}}},"statementMap":{"1":{"start":{"line":37,"column":8},"end":{"line":37,"column":30}},"2":{"start":{"line":45,"column":8},"end":{"line":45,"column":27}},"3":{"start":{"line":64,"column":8},"end":{"line":64,"column":2002}},"4":{"start":{"line":76,"column":8},"end":{"line":76,"column":75}},"5":{"start":{"line":84,"column":8},"end":{"line":84,"column":2790}},"6":{"start":{"line":85,"column":12},"end":{"line":85,"column":2862}},"7":{"start":{"line":113,"column":8},"end":{"line":113,"column":42}},"8":{"start":{"line":114,"column":8},"end":{"line":114,"column":68}},"9":{"start":{"line":117,"column":8},"end":{"line":117,"column":31}},"10":{"start":{"line":119,"column":8},"end":{"line":119,"column":56}},"11":{"start":{"line":122,"column":8},"end":{"line":122,"column":68}},"12":{"start":{"line":125,"column":8},"end":{"line":125,"column":61}},"13":{"start":{"line":128,"column":8},"end":{"line":128,"column":4415}},"14":{"start":{"line":151,"column":8},"end":{"line":151,"column":5093}},"15":{"start":{"line":155,"column":8},"end":{"line":155,"column":41}},"16":{"start":{"line":172,"column":8},"end":{"line":172,"column":78}},"17":{"start":{"line":173,"column":8},"end":{"line":173,"column":5918}},"18":{"start":{"line":177,"column":8},"end":{"line":177,"column":55}},"19":{"start":{"line":180,"column":8},"end":{"line":180,"column":6147}},"20":{"start":{"line":181,"column":12},"end":{"line":181,"column":25}},"21":{"start":{"line":185,"column":8},"end":{"line":185,"column":69}},"22":{"start":{"line":186,"column":8},"end":{"line":186,"column":6325}},"23":{"start":{"line":194,"column":8},"end":{"line":194,"column":58}},"24":{"start":{"line":211,"column":8},"end":{"line":211,"column":7175}},"25":{"start":{"line":214,"column":8},"end":{"line":214,"column":28}},"26":{"start":{"line":215,"column":8},"end":{"line":215,"column":17}},"27":{"start":{"line":216,"column":8},"end":{"line":216,"column":17}},"28":{"start":{"line":217,"column":8},"end":{"line":217,"column":17}},"29":{"start":{"line":218,"column":8},"end":{"line":218,"column":17}},"30":{"start":{"line":219,"column":8},"end":{"line":219,"column":7448}},"31":{"start":{"line":233,"column":12},"end":{"line":233,"column":30}},"32":{"start":{"line":234,"column":12},"end":{"line":234,"column":7957}},"33":{"start":{"line":235,"column":16},"end":{"line":235,"column":59}},"34":{"start":{"line":237,"column":12},"end":{"line":237,"column":49}}},"branchMap":{"1":{"line":76,"type":"if","locations":[{"start":{"line":76,"column":8},"end":{"line":76,"column":8}},{"start":{"line":76,"column":8},"end":{"line":76,"column":8}}]},"2":{"line":84,"type":"if","locations":[{"start":{"line":84,"column":8},"end":{"line":84,"column":8}},{"start":{"line":84,"column":8},"end":{"line":84,"column":8}}]},"3":{"line":85,"type":"if","locations":[{"start":{"line":85,"column":12},"end":{"line":85,"column":12}},{"start":{"line":85,"column":12},"end":{"line":85,"column":12}}]},"4":{"line":114,"type":"if","locations":[{"start":{"line":114,"column":8},"end":{"line":114,"column":8}},{"start":{"line":114,"column":8},"end":{"line":114,"column":8}}]},"5":{"line":128,"type":"if","locations":[{"start":{"line":128,"column":8},"end":{"line":128,"column":8}},{"start":{"line":128,"column":8},"end":{"line":128,"column":8}}]},"6":{"line":180,"type":"if","locations":[{"start":{"line":180,"column":8},"end":{"line":180,"column":8}},{"start":{"line":180,"column":8},"end":{"line":180,"column":8}}]},"7":{"line":211,"type":"if","locations":[{"start":{"line":211,"column":8},"end":{"line":211,"column":8}},{"start":{"line":211,"column":8},"end":{"line":211,"column":8}}]},"8":{"line":235,"type":"if","locations":[{"start":{"line":235,"column":16},"end":{"line":235,"column":16}},{"start":{"line":235,"column":16},"end":{"line":235,"column":16}}]},"9":{"line":237,"type":"if","locations":[{"start":{"line":237,"column":12},"end":{"line":237,"column":12}},{"start":{"line":237,"column":12},"end":{"line":237,"column":12}}]}}},"contracts/test/TestToken.sol":{"l":{"8":1},"path":"/Users/gregjeanmart/workspace/safe-global/safe-scroll-keystore/contracts/test/TestToken.sol","s":{"1":1},"b":{},"f":{"1":1},"fnMap":{"1":{"name":"constructor","line":7,"loc":{"start":{"line":7,"column":4},"end":{"line":9,"column":4}}}},"statementMap":{"1":{"start":{"line":8,"column":8},"end":{"line":8,"column":34}}},"branchMap":{}}}