TN:
SF:/Users/gregjeanmart/workspace/safe-global/safe-scroll-keystore/contracts/ISafe.sol
FN:77,supportsInterface
FNF:1
FNH:1
FNDA:3,supportsInterface
DA:78,3
LF:1
LH:1
BRDA:79,1,0,3
BRDA:79,1,1,0
BRF:2
BRH:1
end_of_record
TN:
SF:/Users/gregjeanmart/workspace/safe-global/safe-scroll-keystore/contracts/SafeDisableLocalKeystoreGuard.sol
FN:14,
FN:19,constructor
FN:23,checkTransaction
FN:42,checkAfterExecution
FNF:4
FNH:2
FNDA:0,
FNDA:1,constructor
FNDA:1,checkTransaction
FNDA:0,checkAfterExecution
DA:20,1
DA:36,1
LF:2
LH:2
BRDA:36,1,0,0
BRDA:36,1,1,1
BRF:2
BRH:1
end_of_record
TN:
SF:/Users/gregjeanmart/workspace/safe-global/safe-scroll-keystore/contracts/SafeRemoteKeystoreModule.sol
FN:36,getKeystore
FN:44,getNonce
FN:57,getTxHash
FN:75,registerKeystore
FN:105,executeTransaction
FN:148,getThreshold_sload
FN:167,getOwners_sload
FN:204,checkSignatures
FN:246,signatureSplit
FNF:9
FNH:9
FNDA:1,getKeystore
FNDA:3,getNonce
FNDA:4,getTxHash
FNDA:3,registerKeystore
FNDA:2,executeTransaction
FNDA:2,getThreshold_sload
FNDA:6,getOwners_sload
FNDA:2,checkSignatures
FNDA:4,signatureSplit
DA:37,1
DA:45,3
DA:64,4
DA:76,3
DA:80,3
DA:84,3
DA:85,3
DA:113,2
DA:114,2
DA:117,2
DA:118,2
DA:119,2
DA:122,2
DA:125,2
DA:128,2
DA:138,2
DA:151,2
DA:155,2
DA:172,6
DA:173,6
DA:177,6
DA:180,6
DA:181,2
DA:185,4
DA:186,4
DA:187,2
DA:191,4
DA:194,4
DA:211,2
DA:212,0
DA:214,2
DA:215,2
DA:216,2
DA:217,2
DA:218,2
DA:219,2
DA:220,4
DA:221,4
DA:233,4
DA:234,4
DA:235,8
DA:237,4
DA:252,4
LF:43
LH:42
BRDA:76,1,0,0
BRDA:76,1,1,3
BRDA:84,2,0,3
BRDA:84,2,1,0
BRDA:85,3,0,0
BRDA:85,3,1,3
BRDA:114,4,0,0
BRDA:114,4,1,2
BRDA:128,5,0,0
BRDA:128,5,1,2
BRDA:180,6,0,2
BRDA:180,6,1,4
BRDA:211,7,0,0
BRDA:211,7,1,2
BRDA:235,8,0,4
BRDA:235,8,1,4
BRDA:237,9,0,0
BRDA:237,9,1,4
BRF:18
BRH:11
end_of_record
TN:
SF:/Users/gregjeanmart/workspace/safe-global/safe-scroll-keystore/contracts/test/TestToken.sol
FN:7,constructor
FNF:1
FNH:1
FNDA:1,constructor
DA:8,1
LF:1
LH:1
BRF:0
BRH:0
end_of_record
